2007.03.11 17:10 B W:\html\skripten\html\bilder\arr01.gif --> members.kabsi.at /skripten/html/bilder arr01.gif
2007.03.11 17:10 B W:\html\skripten\html\bilder\arr02.gif --> members.kabsi.at /skripten/html/bilder arr02.gif
2007.03.11 17:10 B W:\html\skripten\html\bilder\auto_gelb.gif --> members.kabsi.at /skripten/html/bilder auto_gelb.gif
2007.03.11 17:10 B W:\html\skripten\html\bilder\back.gif --> members.kabsi.at /skripten/html/bilder back.gif
2007.03.11 17:10 B W:\html\skripten\html\bilder\backgr1.gif --> members.kabsi.at /skripten/html/bilder backgr1.gif
2007.03.11 17:10 B W:\html\skripten\html\bilder\disk1.gif --> members.kabsi.at /skripten/html/bilder disk1.gif
2007.03.11 17:10 B W:\html\skripten\html\bilder\disk2.gif --> members.kabsi.at /skripten/html/bilder disk2.gif
2007.03.11 17:10 B W:\html\skripten\html\bilder\disk3.gif --> members.kabsi.at /skripten/html/bilder disk3.gif
2007.03.11 17:10 B W:\html\skripten\html\bilder\flieger.jpg --> members.kabsi.at /skripten/html/bilder flieger.jpg
2007.03.11 17:10 B W:\html\skripten\html\bilder\globe.jpg --> members.kabsi.at /skripten/html/bilder globe.jpg
2007.03.11 17:10 B W:\html\skripten\html\bilder\hand1.jpg --> members.kabsi.at /skripten/html/bilder hand1.jpg
2007.03.11 17:10 B W:\html\skripten\html\bilder\hand2.jpg --> members.kabsi.at /skripten/html/bilder hand2.jpg
2007.03.11 17:10 B W:\html\skripten\html\bilder\hand3.jpg --> members.kabsi.at /skripten/html/bilder hand3.jpg
2007.03.11 17:10 B W:\html\skripten\html\bilder\hand4.jpg --> members.kabsi.at /skripten/html/bilder hand4.jpg
2007.03.11 17:10 B W:\html\skripten\html\bilder\hapyface.jpg --> members.kabsi.at /skripten/html/bilder hapyface.jpg
2007.03.11 17:10 B W:\html\skripten\html\bilder\kaffee.gif --> members.kabsi.at /skripten/html/bilder kaffee.gif
2007.03.11 17:10 B W:\html\skripten\html\bilder\kroete.jpg --> members.kabsi.at /skripten/html/bilder kroete.jpg
2007.03.11 17:10 B W:\html\skripten\html\bilder\leer.gif --> members.kabsi.at /skripten/html/bilder leer.gif
2007.03.11 17:10 B W:\html\skripten\html\bilder\man.jpg --> members.kabsi.at /skripten/html/bilder man.jpg
2007.03.11 17:10 B W:\html\skripten\html\bilder\pencil.jpg --> members.kabsi.at /skripten/html/bilder pencil.jpg
2007.03.11 17:10 B W:\html\skripten\html\bilder\penguin.gif --> members.kabsi.at /skripten/html/bilder penguin.gif
2007.03.11 17:10 B W:\html\skripten\html\bilder\stepldr1.jpg --> members.kabsi.at /skripten/html/bilder stepldr1.jpg
2007.03.11 17:10 B W:\html\skripten\html\bilder\stepldr2.jpg --> members.kabsi.at /skripten/html/bilder stepldr2.jpg
2007.03.11 17:10 B W:\html\skripten\html\bilder\stepldr3.jpg --> members.kabsi.at /skripten/html/bilder stepldr3.jpg
2007.03.11 17:10 B W:\html\skripten\html\bilder\stplght1.jpg --> members.kabsi.at /skripten/html/bilder stplght1.jpg
2007.03.11 17:10 B W:\html\skripten\html\bilder\stplght2.jpg --> members.kabsi.at /skripten/html/bilder stplght2.jpg
2007.03.11 17:11 B W:\html\skripten\html\bilder\stplght3.jpg --> members.kabsi.at /skripten/html/bilder stplght3.jpg
2007.03.11 17:11 B W:\html\skripten\html\bilder\t1.gif --> members.kabsi.at /skripten/html/bilder t1.gif
2007.03.11 17:11 B W:\html\skripten\html\bilder\t2.gif --> members.kabsi.at /skripten/html/bilder t2.gif
2007.03.11 17:12 B W:\html\skripten\html_alt\kurs\bilder\arr01.gif --> members.kabsi.at /skripten/html_alt/kurs/bilder arr01.gif
2007.03.11 17:12 B W:\html\skripten\html_alt\kurs\bilder\arr02.gif --> members.kabsi.at /skripten/html_alt/kurs/bilder arr02.gif
2007.03.11 17:12 B W:\html\skripten\html_alt\kurs\bilder\auto_gelb.gif --> members.kabsi.at /skripten/html_alt/kurs/bilder auto_gelb.gif
2007.03.11 17:12 B W:\html\skripten\html_alt\kurs\bilder\back.gif --> members.kabsi.at /skripten/html_alt/kurs/bilder back.gif
2007.03.11 17:12 B W:\html\skripten\html_alt\kurs\bilder\backgr1.gif --> members.kabsi.at /skripten/html_alt/kurs/bilder backgr1.gif
2007.03.11 17:12 B W:\html\skripten\html_alt\kurs\bilder\disk1.gif --> members.kabsi.at /skripten/html_alt/kurs/bilder disk1.gif
2007.03.11 17:12 B W:\html\skripten\html_alt\kurs\bilder\disk2.gif --> members.kabsi.at /skripten/html_alt/kurs/bilder disk2.gif
2007.03.11 17:12 B W:\html\skripten\html_alt\kurs\bilder\disk3.gif --> members.kabsi.at /skripten/html_alt/kurs/bilder disk3.gif
2007.03.11 17:12 B W:\html\skripten\html_alt\kurs\bilder\flieger.jpg --> members.kabsi.at /skripten/html_alt/kurs/bilder flieger.jpg
2007.03.11 17:12 B W:\html\skripten\html_alt\kurs\bilder\globe.jpg --> members.kabsi.at /skripten/html_alt/kurs/bilder globe.jpg
2007.03.11 17:12 B W:\html\skripten\html_alt\kurs\bilder\hand1.jpg --> members.kabsi.at /skripten/html_alt/kurs/bilder hand1.jpg
2007.03.11 17:12 B W:\html\skripten\html_alt\kurs\bilder\hand2.jpg --> members.kabsi.at /skripten/html_alt/kurs/bilder hand2.jpg
2007.03.11 17:12 B W:\html\skripten\html_alt\kurs\bilder\hand3.jpg --> members.kabsi.at /skripten/html_alt/kurs/bilder hand3.jpg
2007.03.11 17:12 B W:\html\skripten\html_alt\kurs\bilder\hand4.jpg --> members.kabsi.at /skripten/html_alt/kurs/bilder hand4.jpg
2007.03.11 17:12 B W:\html\skripten\html_alt\kurs\bilder\hapyface.jpg --> members.kabsi.at /skripten/html_alt/kurs/bilder hapyface.jpg
2007.03.11 17:12 B W:\html\skripten\html_alt\kurs\bilder\kaffee.gif --> members.kabsi.at /skripten/html_alt/kurs/bilder kaffee.gif
2007.03.11 17:12 B W:\html\skripten\html_alt\kurs\bilder\kroete.jpg --> members.kabsi.at /skripten/html_alt/kurs/bilder kroete.jpg
2007.03.11 17:12 B W:\html\skripten\html_alt\kurs\bilder\leer.gif --> members.kabsi.at /skripten/html_alt/kurs/bilder leer.gif
2007.03.11 17:12 B W:\html\skripten\html_alt\kurs\bilder\man.jpg --> members.kabsi.at /skripten/html_alt/kurs/bilder man.jpg
2007.03.11 17:12 B W:\html\skripten\html_alt\kurs\bilder\pencil.jpg --> members.kabsi.at /skripten/html_alt/kurs/bilder pencil.jpg
2007.03.11 17:12 B W:\html\skripten\html_alt\kurs\bilder\penguin.gif --> members.kabsi.at /skripten/html_alt/kurs/bilder penguin.gif
2007.03.11 17:12 B W:\html\skripten\html_alt\kurs\bilder\stepldr1.jpg --> members.kabsi.at /skripten/html_alt/kurs/bilder stepldr1.jpg
2007.03.11 17:12 B W:\html\skripten\html_alt\kurs\bilder\stepldr2.jpg --> members.kabsi.at /skripten/html_alt/kurs/bilder stepldr2.jpg
2007.03.11 17:12 B W:\html\skripten\html_alt\kurs\bilder\stepldr3.jpg --> members.kabsi.at /skripten/html_alt/kurs/bilder stepldr3.jpg
2007.03.11 17:12 B W:\html\skripten\html_alt\kurs\bilder\stplght1.jpg --> members.kabsi.at /skripten/html_alt/kurs/bilder stplght1.jpg
2007.03.11 17:12 B W:\html\skripten\html_alt\kurs\bilder\stplght2.jpg --> members.kabsi.at /skripten/html_alt/kurs/bilder stplght2.jpg
2007.03.11 17:12 B W:\html\skripten\html_alt\kurs\bilder\stplght3.jpg --> members.kabsi.at /skripten/html_alt/kurs/bilder stplght3.jpg
2007.03.11 17:12 B W:\html\skripten\html_alt\kurs\bilder\t1.gif --> members.kabsi.at /skripten/html_alt/kurs/bilder t1.gif
2007.03.11 17:12 B W:\html\skripten\html_alt\kurs\bilder\t2.gif --> members.kabsi.at /skripten/html_alt/kurs/bilder t2.gif
2007.03.11 17:12 B W:\html\skripten\html_alt\kurs\bilder\WS_FTP.LOG --> members.kabsi.at /skripten/html_alt/kurs/bilder WS_FTP.LOG
